pipewire
wireplumber
networkmanager
network-manager-applet
bluez
bluez-utils
blueman
sddm
qt5-wayland
qt6-wayland
qt5-quickcontrols2
qt5-graphicaleffects
hyprland
dunst
rofi-lbonn-wayland
waybar-hyprland
swww
swaylock-effects
wlogout
grimblast-git
slurp
swappy
cliphist
polkit-kde-agent
xdg-desktop-portal-hyprland
pacman-contrib
parallel
jq
imagemagick
brightnessctl
pavucontrol
pamixer
nwg-look
kvantum
qt5ct
qt6ct
firefox
kitty
nemo-git
visual-studio-code-bin
vim
ark
zsh
eza
fzf
oh-my-zsh-git
pokemon-colorscripts-git
otf-geist-fonts
